{"D:\\MovieAnalyst S6\\MovieAnalyst - Rework\\frontend\\babel.config.js": {"path":"D:\\MovieAnalyst S6\\MovieAnalyst - Rework\\frontend\\babel.config.js","statementMap":{"0":{"start":{"line":2,"column":0},"end":{"line":22,"column":2}}},"fnMap":{},"branchMap":{},"s":{"0":0},"f":{},"b":{}}
,"D:\\MovieAnalyst S6\\MovieAnalyst - Rework\\frontend\\jest.config.js": {"path":"D:\\MovieAnalyst S6\\MovieAnalyst - Rework\\frontend\\jest.config.js","statementMap":{"0":{"start":{"line":1,"column":0},"end":{"line":18,"column":2}}},"fnMap":{},"branchMap":{},"s":{"0":0},"f":{},"b":{}}
,"D:\\MovieAnalyst S6\\MovieAnalyst - Rework\\frontend\\webpack.config.js": {"path":"D:\\MovieAnalyst S6\\MovieAnalyst - Rework\\frontend\\webpack.config.js","statementMap":{"0":{"start":{"line":1,"column":13},"end":{"line":1,"column":28}},"1":{"start":{"line":3,"column":0},"end":{"line":12,"column":2}}},"fnMap":{},"branchMap":{},"s":{"0":0,"1":0},"f":{},"b":{}}
,"D:\\MovieAnalyst S6\\MovieAnalyst - Rework\\frontend\\pages\\_app.js": {"path":"D:\\MovieAnalyst S6\\MovieAnalyst - Rework\\frontend\\pages\\_app.js","statementMap":{"0":{"start":{"line":12,"column":26},"end":{"line":12,"column":68}},"1":{"start":{"line":13,"column":8},"end":{"line":15,"column":9}},"2":{"start":{"line":14,"column":12},"end":{"line":14,"column":59}},"3":{"start":{"line":19,"column":41},"end":{"line":19,"column":51}},"4":{"start":{"line":21,"column":8},"end":{"line":35,"column":10}},"5":{"start":{"line":25,"column":35},"end":{"line":25,"column":50}},"6":{"start":{"line":38,"column":6},"end":{"line":38,"column":23}}},"fnMap":{"0":{"name":"(anonymous_0)","decl":{"start":{"line":10,"column":4},"end":{"line":10,"column":5}},"loc":{"start":{"line":10,"column":24},"end":{"line":16,"column":5}},"line":10},"1":{"name":"(anonymous_1)","decl":{"start":{"line":18,"column":4},"end":{"line":18,"column":5}},"loc":{"start":{"line":18,"column":13},"end":{"line":36,"column":5}},"line":18},"2":{"name":"(anonymous_2)","decl":{"start":{"line":25,"column":30},"end":{"line":25,"column":31}},"loc":{"start":{"line":25,"column":34},"end":{"line":25,"column":51}},"line":25},"3":{"name":"(anonymous_3)","decl":{"start":{"line":37,"column":4},"end":{"line":37,"column":5}},"loc":{"start":{"line":37,"column":14},"end":{"line":39,"column":5}},"line":37}},"branchMap":{"0":{"loc":{"start":{"line":13,"column":8},"end":{"line":15,"column":9}},"type":"if","locations":[{"start":{"line":13,"column":8},"end":{"line":15,"column":9}},{"start":{"line":13,"column":8},"end":{"line":15,"column":9}}],"line":13}},"s":{"0":0,"1":0,"2":0,"3":0,"4":0,"5":0,"6":0},"f":{"0":0,"1":0,"2":0,"3":0},"b":{"0":[0,0]}}
,"D:\\MovieAnalyst S6\\MovieAnalyst - Rework\\frontend\\pages\\account.tsx": {"path":"D:\\MovieAnalyst S6\\MovieAnalyst - Rework\\frontend\\pages\\account.tsx","statementMap":{"0":{"start":{"line":10,"column":8},"end":{"line":10,"column":44}}},"fnMap":{"0":{"name":"(anonymous_0)","decl":{"start":{"line":9,"column":4},"end":{"line":9,"column":5}},"loc":{"start":{"line":9,"column":12},"end":{"line":11,"column":5}},"line":9}},"branchMap":{},"s":{"0":0},"f":{"0":0},"b":{}}
,"D:\\MovieAnalyst S6\\MovieAnalyst - Rework\\frontend\\pages\\auth0_callback.tsx": {"path":"D:\\MovieAnalyst S6\\MovieAnalyst - Rework\\frontend\\pages\\auth0_callback.tsx","statementMap":{"0":{"start":{"line":6,"column":26},"end":{"line":23,"column":1}},"1":{"start":{"line":7,"column":37},"end":{"line":7,"column":46}},"2":{"start":{"line":8,"column":4},"end":{"line":12,"column":11}},"3":{"start":{"line":10,"column":6},"end":{"line":10,"column":76}},"4":{"start":{"line":10,"column":24},"end":{"line":10,"column":69}},"5":{"start":{"line":14,"column":4},"end":{"line":22,"column":6}}},"fnMap":{"0":{"name":"(anonymous_0)","decl":{"start":{"line":6,"column":26},"end":{"line":6,"column":27}},"loc":{"start":{"line":6,"column":32},"end":{"line":23,"column":1}},"line":6},"1":{"name":"(anonymous_1)","decl":{"start":{"line":8,"column":14},"end":{"line":8,"column":15}},"loc":{"start":{"line":8,"column":20},"end":{"line":12,"column":5}},"line":8},"2":{"name":"(anonymous_2)","decl":{"start":{"line":10,"column":19},"end":{"line":10,"column":20}},"loc":{"start":{"line":10,"column":24},"end":{"line":10,"column":69}},"line":10}},"branchMap":{},"s":{"0":0,"1":0,"2":0,"3":0,"4":0,"5":0},"f":{"0":0,"1":0,"2":0},"b":{}}
,"D:\\MovieAnalyst S6\\MovieAnalyst - Rework\\frontend\\pages\\index.tsx": {"path":"D:\\MovieAnalyst S6\\MovieAnalyst - Rework\\frontend\\pages\\index.tsx","statementMap":{"0":{"start":{"line":15,"column":29},"end":{"line":18,"column":6}},"1":{"start":{"line":19,"column":36},"end":{"line":21,"column":5}},"2":{"start":{"line":22,"column":34},"end":{"line":24,"column":5}},"3":{"start":{"line":25,"column":57},"end":{"line":25,"column":66}},"4":{"start":{"line":27,"column":4},"end":{"line":66,"column":10}},"5":{"start":{"line":30,"column":21},"end":{"line":30,"column":26}},"6":{"start":{"line":31,"column":8},"end":{"line":34,"column":9}},"7":{"start":{"line":33,"column":12},"end":{"line":33,"column":26}},"8":{"start":{"line":35,"column":8},"end":{"line":35,"column":26}},"9":{"start":{"line":36,"column":8},"end":{"line":36,"column":49}},"10":{"start":{"line":38,"column":21},"end":{"line":38,"column":33}},"11":{"start":{"line":40,"column":8},"end":{"line":50,"column":11}},"12":{"start":{"line":43,"column":16},"end":{"line":43,"column":41}},"13":{"start":{"line":44,"column":16},"end":{"line":48,"column":19}},"14":{"start":{"line":45,"column":33},"end":{"line":45,"column":57}},"15":{"start":{"line":46,"column":41},"end":{"line":46,"column":60}},"16":{"start":{"line":47,"column":20},"end":{"line":47,"column":72}},"17":{"start":{"line":51,"column":8},"end":{"line":51,"column":26}},"18":{"start":{"line":52,"column":8},"end":{"line":54,"column":9}},"19":{"start":{"line":53,"column":12},"end":{"line":53,"column":71}},"20":{"start":{"line":55,"column":21},"end":{"line":60,"column":9}},"21":{"start":{"line":62,"column":8},"end":{"line":65,"column":10}},"22":{"start":{"line":63,"column":12},"end":{"line":63,"column":39}},"23":{"start":{"line":64,"column":12},"end":{"line":64,"column":46}},"24":{"start":{"line":69,"column":26},"end":{"line":75,"column":9}},"25":{"start":{"line":70,"column":12},"end":{"line":74,"column":19}},"26":{"start":{"line":76,"column":31},"end":{"line":80,"column":9}},"27":{"start":{"line":77,"column":12},"end":{"line":79,"column":13}},"28":{"start":{"line":82,"column":29},"end":{"line":84,"column":13}},"29":{"start":{"line":83,"column":12},"end":{"line":83,"column":42}},"30":{"start":{"line":85,"column":8},"end":{"line":95,"column":10}}},"fnMap":{"0":{"name":"(anonymous_0)","decl":{"start":{"line":14,"column":15},"end":{"line":14,"column":16}},"loc":{"start":{"line":14,"column":21},"end":{"line":96,"column":1}},"line":14},"1":{"name":"(anonymous_1)","decl":{"start":{"line":27,"column":14},"end":{"line":27,"column":15}},"loc":{"start":{"line":28,"column":4},"end":{"line":66,"column":5}},"line":28},"2":{"name":"(anonymous_2)","decl":{"start":{"line":42,"column":23},"end":{"line":42,"column":24}},"loc":{"start":{"line":42,"column":29},"end":{"line":49,"column":13}},"line":42},"3":{"name":"(anonymous_3)","decl":{"start":{"line":44,"column":50},"end":{"line":44,"column":51}},"loc":{"start":{"line":44,"column":61},"end":{"line":48,"column":17}},"line":44},"4":{"name":"(anonymous_4)","decl":{"start":{"line":62,"column":83},"end":{"line":62,"column":84}},"loc":{"start":{"line":62,"column":103},"end":{"line":65,"column":9}},"line":62},"5":{"name":"(anonymous_5)","decl":{"start":{"line":69,"column":50},"end":{"line":69,"column":51}},"loc":{"start":{"line":70,"column":12},"end":{"line":74,"column":19}},"line":70},"6":{"name":"(anonymous_6)","decl":{"start":{"line":76,"column":31},"end":{"line":76,"column":32}},"loc":{"start":{"line":76,"column":37},"end":{"line":80,"column":9}},"line":76},"7":{"name":"(anonymous_7)","decl":{"start":{"line":82,"column":51},"end":{"line":82,"column":52}},"loc":{"start":{"line":83,"column":12},"end":{"line":83,"column":42}},"line":83}},"branchMap":{"0":{"loc":{"start":{"line":31,"column":8},"end":{"line":34,"column":9}},"type":"if","locations":[{"start":{"line":31,"column":8},"end":{"line":34,"column":9}},{"start":{"line":31,"column":8},"end":{"line":34,"column":9}}],"line":31},"1":{"loc":{"start":{"line":31,"column":13},"end":{"line":31,"column":74}},"type":"binary-expr","locations":[{"start":{"line":31,"column":13},"end":{"line":31,"column":43}},{"start":{"line":31,"column":47},"end":{"line":31,"column":74}}],"line":31},"2":{"loc":{"start":{"line":52,"column":8},"end":{"line":54,"column":9}},"type":"if","locations":[{"start":{"line":52,"column":8},"end":{"line":54,"column":9}},{"start":{"line":52,"column":8},"end":{"line":54,"column":9}}],"line":52}},"s":{"0":0,"1":0,"2":0,"3":0,"4":0,"5":0,"6":0,"7":0,"8":0,"9":0,"10":0,"11":0,"12":0,"13":0,"14":0,"15":0,"16":0,"17":0,"18":0,"19":0,"20":0,"21":0,"22":0,"23":0,"24":0,"25":0,"26":0,"27":0,"28":0,"29":0,"30":0},"f":{"0":0,"1":0,"2":0,"3":0,"4":0,"5":0,"6":0,"7":0},"b":{"0":[0,0],"1":[0,0],"2":[0,0]}}
,"D:\\MovieAnalyst S6\\MovieAnalyst - Rework\\frontend\\pages\\movie\\[movie].tsx": {"path":"D:\\MovieAnalyst S6\\MovieAnalyst - Rework\\frontend\\pages\\movie\\[movie].tsx","statementMap":{"0":{"start":{"line":10,"column":13},"end":{"line":56,"column":1}},"1":{"start":{"line":12,"column":37},"end":{"line":14,"column":6}},"2":{"start":{"line":15,"column":34},"end":{"line":17,"column":6}},"3":{"start":{"line":19,"column":34},"end":{"line":19,"column":49}},"4":{"start":{"line":21,"column":19},"end":{"line":21,"column":30}},"5":{"start":{"line":22,"column":22},"end":{"line":22,"column":34}},"6":{"start":{"line":24,"column":4},"end":{"line":29,"column":16}},"7":{"start":{"line":27,"column":8},"end":{"line":27,"column":26}},"8":{"start":{"line":28,"column":8},"end":{"line":28,"column":32}},"9":{"start":{"line":33,"column":20},"end":{"line":33,"column":36}},"10":{"start":{"line":34,"column":8},"end":{"line":38,"column":11}},"11":{"start":{"line":35,"column":12},"end":{"line":35,"column":49}},"12":{"start":{"line":36,"column":12},"end":{"line":36,"column":36}},"13":{"start":{"line":37,"column":12},"end":{"line":37,"column":29}},"14":{"start":{"line":42,"column":22},"end":{"line":47,"column":16}},"15":{"start":{"line":43,"column":8},"end":{"line":47,"column":15}},"16":{"start":{"line":49,"column":4},"end":{"line":54,"column":7}}},"fnMap":{"0":{"name":"(anonymous_0)","decl":{"start":{"line":10,"column":13},"end":{"line":10,"column":14}},"loc":{"start":{"line":10,"column":19},"end":{"line":56,"column":1}},"line":10},"1":{"name":"(anonymous_1)","decl":{"start":{"line":24,"column":14},"end":{"line":24,"column":15}},"loc":{"start":{"line":25,"column":4},"end":{"line":29,"column":5}},"line":25},"2":{"name":"getReviews","decl":{"start":{"line":31,"column":13},"end":{"line":31,"column":23}},"loc":{"start":{"line":31,"column":30},"end":{"line":41,"column":5}},"line":31},"3":{"name":"(anonymous_3)","decl":{"start":{"line":34,"column":37},"end":{"line":34,"column":38}},"loc":{"start":{"line":34,"column":57},"end":{"line":38,"column":9}},"line":34},"4":{"name":"(anonymous_4)","decl":{"start":{"line":42,"column":46},"end":{"line":42,"column":47}},"loc":{"start":{"line":43,"column":8},"end":{"line":47,"column":15}},"line":43}},"branchMap":{},"s":{"0":0,"1":0,"2":0,"3":0,"4":0,"5":0,"6":0,"7":0,"8":0,"9":0,"10":0,"11":0,"12":0,"13":0,"14":0,"15":0,"16":0},"f":{"0":0,"1":0,"2":0,"3":0,"4":0},"b":{}}
,"D:\\MovieAnalyst S6\\MovieAnalyst - Rework\\frontend\\src\\component\\LoginBox.tsx": {"path":"D:\\MovieAnalyst S6\\MovieAnalyst - Rework\\frontend\\src\\component\\LoginBox.tsx","statementMap":{"0":{"start":{"line":4,"column":15},"end":{"line":7,"column":1}},"1":{"start":{"line":8,"column":19},"end":{"line":10,"column":1}},"2":{"start":{"line":14,"column":4},"end":{"line":49,"column":6}},"3":{"start":{"line":51,"column":15},"end":{"line":53,"column":5}},"4":{"start":{"line":52,"column":8},"end":{"line":52,"column":40}},"5":{"start":{"line":55,"column":21},"end":{"line":57,"column":5}},"6":{"start":{"line":56,"column":8},"end":{"line":56,"column":42}}},"fnMap":{"0":{"name":"(anonymous_0)","decl":{"start":{"line":13,"column":5},"end":{"line":13,"column":6}},"loc":{"start":{"line":13,"column":13},"end":{"line":50,"column":5}},"line":13},"1":{"name":"(anonymous_1)","decl":{"start":{"line":51,"column":15},"end":{"line":51,"column":16}},"loc":{"start":{"line":51,"column":25},"end":{"line":53,"column":5}},"line":51},"2":{"name":"(anonymous_2)","decl":{"start":{"line":55,"column":21},"end":{"line":55,"column":22}},"loc":{"start":{"line":55,"column":34},"end":{"line":57,"column":5}},"line":55}},"branchMap":{},"s":{"0":0,"1":0,"2":0,"3":0,"4":0,"5":0,"6":0},"f":{"0":0,"1":0,"2":0},"b":{}}
,"D:\\MovieAnalyst S6\\MovieAnalyst - Rework\\frontend\\src\\component\\MovieFeatured.tsx": {"path":"D:\\MovieAnalyst S6\\MovieAnalyst - Rework\\frontend\\src\\component\\MovieFeatured.tsx","statementMap":{"0":{"start":{"line":4,"column":17},"end":{"line":4,"column":21}},"1":{"start":{"line":8,"column":4},"end":{"line":14,"column":15}}},"fnMap":{"0":{"name":"MovieFeatured","decl":{"start":{"line":6,"column":24},"end":{"line":6,"column":37}},"loc":{"start":{"line":6,"column":59},"end":{"line":16,"column":1}},"line":6}},"branchMap":{},"s":{"0":0,"1":0},"f":{"0":0},"b":{}}
,"D:\\MovieAnalyst S6\\MovieAnalyst - Rework\\frontend\\src\\component\\NavBar.tsx": {"path":"D:\\MovieAnalyst S6\\MovieAnalyst - Rework\\frontend\\src\\component\\NavBar.tsx","statementMap":{"0":{"start":{"line":11,"column":12},"end":{"line":15,"column":5}},"1":{"start":{"line":17,"column":16},"end":{"line":23,"column":5}},"2":{"start":{"line":18,"column":8},"end":{"line":22,"column":9}},"3":{"start":{"line":19,"column":12},"end":{"line":21,"column":15}},"4":{"start":{"line":25,"column":15},"end":{"line":36,"column":5}},"5":{"start":{"line":26,"column":8},"end":{"line":29,"column":11}},"6":{"start":{"line":30,"column":8},"end":{"line":35,"column":17}},"7":{"start":{"line":31,"column":12},"end":{"line":34,"column":15}},"8":{"start":{"line":38,"column":19},"end":{"line":43,"column":5}},"9":{"start":{"line":39,"column":8},"end":{"line":39,"column":45}},"10":{"start":{"line":40,"column":8},"end":{"line":42,"column":11}},"11":{"start":{"line":45,"column":55},"end":{"line":45,"column":65}},"12":{"start":{"line":46,"column":8},"end":{"line":76,"column":14}},"13":{"start":{"line":79,"column":8},"end":{"line":84,"column":9}},"14":{"start":{"line":80,"column":12},"end":{"line":80,"column":28}},"15":{"start":{"line":83,"column":12},"end":{"line":83,"column":27}},"16":{"start":{"line":87,"column":8},"end":{"line":92,"column":9}},"17":{"start":{"line":88,"column":12},"end":{"line":88,"column":44}},"18":{"start":{"line":91,"column":12},"end":{"line":91,"column":43}},"19":{"start":{"line":95,"column":8},"end":{"line":100,"column":9}},"20":{"start":{"line":96,"column":12},"end":{"line":96,"column":43}},"21":{"start":{"line":99,"column":12},"end":{"line":99,"column":82}}},"fnMap":{"0":{"name":"(anonymous_0)","decl":{"start":{"line":17,"column":16},"end":{"line":17,"column":17}},"loc":{"start":{"line":17,"column":22},"end":{"line":23,"column":5}},"line":17},"1":{"name":"(anonymous_1)","decl":{"start":{"line":25,"column":15},"end":{"line":25,"column":16}},"loc":{"start":{"line":25,"column":21},"end":{"line":36,"column":5}},"line":25},"2":{"name":"(anonymous_2)","decl":{"start":{"line":30,"column":19},"end":{"line":30,"column":20}},"loc":{"start":{"line":30,"column":25},"end":{"line":35,"column":9}},"line":30},"3":{"name":"(anonymous_3)","decl":{"start":{"line":38,"column":19},"end":{"line":38,"column":20}},"loc":{"start":{"line":38,"column":25},"end":{"line":43,"column":5}},"line":38},"4":{"name":"(anonymous_4)","decl":{"start":{"line":44,"column":4},"end":{"line":44,"column":5}},"loc":{"start":{"line":44,"column":12},"end":{"line":77,"column":5}},"line":44},"5":{"name":"(anonymous_5)","decl":{"start":{"line":78,"column":4},"end":{"line":78,"column":5}},"loc":{"start":{"line":78,"column":26},"end":{"line":85,"column":5}},"line":78},"6":{"name":"(anonymous_6)","decl":{"start":{"line":86,"column":4},"end":{"line":86,"column":5}},"loc":{"start":{"line":86,"column":24},"end":{"line":93,"column":5}},"line":86},"7":{"name":"(anonymous_7)","decl":{"start":{"line":94,"column":4},"end":{"line":94,"column":5}},"loc":{"start":{"line":94,"column":23},"end":{"line":101,"column":5}},"line":94}},"branchMap":{"0":{"loc":{"start":{"line":18,"column":8},"end":{"line":22,"column":9}},"type":"if","locations":[{"start":{"line":18,"column":8},"end":{"line":22,"column":9}},{"start":{"line":18,"column":8},"end":{"line":22,"column":9}}],"line":18},"1":{"loc":{"start":{"line":65,"column":27},"end":{"line":65,"column":84}},"type":"cond-expr","locations":[{"start":{"line":65,"column":43},"end":{"line":65,"column":63}},{"start":{"line":65,"column":64},"end":{"line":65,"column":84}}],"line":65},"2":{"loc":{"start":{"line":79,"column":8},"end":{"line":84,"column":9}},"type":"if","locations":[{"start":{"line":79,"column":8},"end":{"line":84,"column":9}},{"start":{"line":79,"column":8},"end":{"line":84,"column":9}}],"line":79},"3":{"loc":{"start":{"line":87,"column":8},"end":{"line":92,"column":9}},"type":"if","locations":[{"start":{"line":87,"column":8},"end":{"line":92,"column":9}},{"start":{"line":87,"column":8},"end":{"line":92,"column":9}}],"line":87},"4":{"loc":{"start":{"line":95,"column":8},"end":{"line":100,"column":9}},"type":"if","locations":[{"start":{"line":95,"column":8},"end":{"line":100,"column":9}},{"start":{"line":95,"column":8},"end":{"line":100,"column":9}}],"line":95}},"s":{"0":0,"1":0,"2":0,"3":0,"4":0,"5":0,"6":0,"7":0,"8":0,"9":0,"10":0,"11":0,"12":0,"13":0,"14":0,"15":0,"16":0,"17":0,"18":0,"19":0,"20":0,"21":0},"f":{"0":0,"1":0,"2":0,"3":0,"4":0,"5":0,"6":0,"7":0},"b":{"0":[0,0],"1":[0,0],"2":[0,0],"3":[0,0],"4":[0,0]}}
,"D:\\MovieAnalyst S6\\MovieAnalyst - Rework\\frontend\\src\\component\\UserButton.tsx": {"path":"D:\\MovieAnalyst S6\\MovieAnalyst - Rework\\frontend\\src\\component\\UserButton.tsx","statementMap":{"0":{"start":{"line":6,"column":12},"end":{"line":10,"column":5}},"1":{"start":{"line":12,"column":16},"end":{"line":16,"column":5}},"2":{"start":{"line":13,"column":8},"end":{"line":15,"column":11}},"3":{"start":{"line":18,"column":15},"end":{"line":34,"column":5}},"4":{"start":{"line":19,"column":8},"end":{"line":22,"column":11}},"5":{"start":{"line":24,"column":20},"end":{"line":24,"column":36}},"6":{"start":{"line":25,"column":8},"end":{"line":25,"column":27}},"7":{"start":{"line":27,"column":8},"end":{"line":32,"column":17}},"8":{"start":{"line":28,"column":12},"end":{"line":31,"column":15}},"9":{"start":{"line":36,"column":19},"end":{"line":41,"column":5}},"10":{"start":{"line":37,"column":8},"end":{"line":37,"column":45}},"11":{"start":{"line":38,"column":8},"end":{"line":40,"column":11}},"12":{"start":{"line":44,"column":55},"end":{"line":44,"column":65}},"13":{"start":{"line":45,"column":8},"end":{"line":60,"column":10}}},"fnMap":{"0":{"name":"(anonymous_0)","decl":{"start":{"line":12,"column":16},"end":{"line":12,"column":17}},"loc":{"start":{"line":12,"column":22},"end":{"line":16,"column":5}},"line":12},"1":{"name":"(anonymous_1)","decl":{"start":{"line":18,"column":15},"end":{"line":18,"column":16}},"loc":{"start":{"line":18,"column":21},"end":{"line":34,"column":5}},"line":18},"2":{"name":"(anonymous_2)","decl":{"start":{"line":27,"column":19},"end":{"line":27,"column":20}},"loc":{"start":{"line":27,"column":25},"end":{"line":32,"column":9}},"line":27},"3":{"name":"(anonymous_3)","decl":{"start":{"line":36,"column":19},"end":{"line":36,"column":20}},"loc":{"start":{"line":36,"column":25},"end":{"line":41,"column":5}},"line":36},"4":{"name":"(anonymous_4)","decl":{"start":{"line":43,"column":4},"end":{"line":43,"column":5}},"loc":{"start":{"line":43,"column":13},"end":{"line":61,"column":5}},"line":43}},"branchMap":{},"s":{"0":0,"1":0,"2":0,"3":0,"4":0,"5":0,"6":0,"7":0,"8":0,"9":0,"10":0,"11":0,"12":0,"13":0},"f":{"0":0,"1":0,"2":0,"3":0,"4":0},"b":{}}
,"D:\\MovieAnalyst S6\\MovieAnalyst - Rework\\frontend\\src\\component\\review\\ReviewInput.tsx": {"path":"D:\\MovieAnalyst S6\\MovieAnalyst - Rework\\frontend\\src\\component\\review\\ReviewInput.tsx","statementMap":{"0":{"start":{"line":7,"column":21},"end":{"line":7,"column":26}},"1":{"start":{"line":8,"column":13},"end":{"line":8,"column":63}},"2":{"start":{"line":11,"column":12},"end":{"line":15,"column":5}},"3":{"start":{"line":17,"column":8},"end":{"line":17,"column":21}},"4":{"start":{"line":18,"column":8},"end":{"line":18,"column":35}},"5":{"start":{"line":20,"column":19},"end":{"line":22,"column":5}},"6":{"start":{"line":21,"column":8},"end":{"line":21,"column":33}},"7":{"start":{"line":24,"column":23},"end":{"line":26,"column":5}},"8":{"start":{"line":25,"column":8},"end":{"line":25,"column":38}},"9":{"start":{"line":28,"column":26},"end":{"line":28,"column":36}},"10":{"start":{"line":29,"column":25},"end":{"line":29,"column":35}},"11":{"start":{"line":30,"column":8},"end":{"line":49,"column":10}},"12":{"start":{"line":53,"column":20},"end":{"line":53,"column":36}},"13":{"start":{"line":54,"column":7},"end":{"line":54,"column":113}},"14":{"start":{"line":54,"column":95},"end":{"line":54,"column":111}}},"fnMap":{"0":{"name":"(anonymous_0)","decl":{"start":{"line":16,"column":4},"end":{"line":16,"column":5}},"loc":{"start":{"line":16,"column":23},"end":{"line":19,"column":5}},"line":16},"1":{"name":"(anonymous_1)","decl":{"start":{"line":20,"column":19},"end":{"line":20,"column":20}},"loc":{"start":{"line":20,"column":28},"end":{"line":22,"column":5}},"line":20},"2":{"name":"(anonymous_2)","decl":{"start":{"line":24,"column":23},"end":{"line":24,"column":24}},"loc":{"start":{"line":24,"column":50},"end":{"line":26,"column":5}},"line":24},"3":{"name":"(anonymous_3)","decl":{"start":{"line":27,"column":4},"end":{"line":27,"column":5}},"loc":{"start":{"line":27,"column":13},"end":{"line":50,"column":5}},"line":27},"4":{"name":"(anonymous_4)","decl":{"start":{"line":52,"column":4},"end":{"line":52,"column":5}},"loc":{"start":{"line":52,"column":52},"end":{"line":56,"column":5}},"line":52},"5":{"name":"(anonymous_5)","decl":{"start":{"line":54,"column":86},"end":{"line":54,"column":87}},"loc":{"start":{"line":54,"column":95},"end":{"line":54,"column":111}},"line":54}},"branchMap":{},"s":{"0":0,"1":0,"2":0,"3":0,"4":0,"5":0,"6":0,"7":0,"8":0,"9":0,"10":0,"11":0,"12":0,"13":0,"14":0},"f":{"0":0,"1":0,"2":0,"3":0,"4":0,"5":0},"b":{}}
,"D:\\MovieAnalyst S6\\MovieAnalyst - Rework\\frontend\\src\\logic\\ApiGateway.ts": {"path":"D:\\MovieAnalyst S6\\MovieAnalyst - Rework\\frontend\\src\\logic\\ApiGateway.ts","statementMap":{"0":{"start":{"line":4,"column":13},"end":{"line":9,"column":5}},"1":{"start":{"line":10,"column":14},"end":{"line":10,"column":47}},"2":{"start":{"line":12,"column":21},"end":{"line":17,"column":9}},"3":{"start":{"line":19,"column":8},"end":{"line":21,"column":11}},"4":{"start":{"line":20,"column":9},"end":{"line":20,"column":24}},"5":{"start":{"line":24,"column":7},"end":{"line":24,"column":84}},"6":{"start":{"line":27,"column":8},"end":{"line":27,"column":73}}},"fnMap":{"0":{"name":"(anonymous_0)","decl":{"start":{"line":11,"column":4},"end":{"line":11,"column":5}},"loc":{"start":{"line":11,"column":44},"end":{"line":22,"column":5}},"line":11},"1":{"name":"(anonymous_1)","decl":{"start":{"line":19,"column":84},"end":{"line":19,"column":85}},"loc":{"start":{"line":19,"column":104},"end":{"line":21,"column":9}},"line":19},"2":{"name":"(anonymous_2)","decl":{"start":{"line":23,"column":4},"end":{"line":23,"column":5}},"loc":{"start":{"line":23,"column":27},"end":{"line":25,"column":5}},"line":23},"3":{"name":"(anonymous_3)","decl":{"start":{"line":26,"column":4},"end":{"line":26,"column":5}},"loc":{"start":{"line":26,"column":22},"end":{"line":28,"column":5}},"line":26}},"branchMap":{},"s":{"0":0,"1":0,"2":0,"3":0,"4":0,"5":0,"6":0},"f":{"0":0,"1":0,"2":0,"3":0},"b":{}}
,"D:\\MovieAnalyst S6\\MovieAnalyst - Rework\\frontend\\src\\logic\\ApiGatewayMock.ts": {"path":"D:\\MovieAnalyst S6\\MovieAnalyst - Rework\\frontend\\src\\logic\\ApiGatewayMock.ts","statementMap":{"0":{"start":{"line":4,"column":11},"end":{"line":4,"column":13}},"1":{"start":{"line":5,"column":14},"end":{"line":5,"column":47}},"2":{"start":{"line":7,"column":21},"end":{"line":12,"column":9}},"3":{"start":{"line":14,"column":8},"end":{"line":16,"column":11}},"4":{"start":{"line":15,"column":9},"end":{"line":15,"column":24}},"5":{"start":{"line":19,"column":7},"end":{"line":19,"column":84}},"6":{"start":{"line":22,"column":8},"end":{"line":22,"column":73}}},"fnMap":{"0":{"name":"(anonymous_0)","decl":{"start":{"line":6,"column":4},"end":{"line":6,"column":5}},"loc":{"start":{"line":6,"column":44},"end":{"line":17,"column":5}},"line":6},"1":{"name":"(anonymous_1)","decl":{"start":{"line":14,"column":84},"end":{"line":14,"column":85}},"loc":{"start":{"line":14,"column":104},"end":{"line":16,"column":9}},"line":14},"2":{"name":"(anonymous_2)","decl":{"start":{"line":18,"column":4},"end":{"line":18,"column":5}},"loc":{"start":{"line":18,"column":27},"end":{"line":20,"column":5}},"line":18},"3":{"name":"(anonymous_3)","decl":{"start":{"line":21,"column":4},"end":{"line":21,"column":5}},"loc":{"start":{"line":21,"column":22},"end":{"line":23,"column":5}},"line":21}},"branchMap":{},"s":{"0":0,"1":0,"2":0,"3":0,"4":0,"5":0,"6":0},"f":{"0":0,"1":0,"2":0,"3":0},"b":{}}
,"D:\\MovieAnalyst S6\\MovieAnalyst - Rework\\frontend\\src\\logic\\LocalStorageMock.js": {"path":"D:\\MovieAnalyst S6\\MovieAnalyst - Rework\\frontend\\src\\logic\\LocalStorageMock.js","statementMap":{"0":{"start":{"line":3,"column":8},"end":{"line":3,"column":24}},"1":{"start":{"line":7,"column":8},"end":{"line":7,"column":24}},"2":{"start":{"line":11,"column":8},"end":{"line":11,"column":39}},"3":{"start":{"line":15,"column":8},"end":{"line":15,"column":43}},"4":{"start":{"line":19,"column":8},"end":{"line":19,"column":31}}},"fnMap":{"0":{"name":"(anonymous_0)","decl":{"start":{"line":2,"column":4},"end":{"line":2,"column":5}},"loc":{"start":{"line":2,"column":18},"end":{"line":4,"column":5}},"line":2},"1":{"name":"(anonymous_1)","decl":{"start":{"line":6,"column":4},"end":{"line":6,"column":5}},"loc":{"start":{"line":6,"column":12},"end":{"line":8,"column":5}},"line":6},"2":{"name":"(anonymous_2)","decl":{"start":{"line":10,"column":4},"end":{"line":10,"column":5}},"loc":{"start":{"line":10,"column":17},"end":{"line":12,"column":5}},"line":10},"3":{"name":"(anonymous_3)","decl":{"start":{"line":14,"column":4},"end":{"line":14,"column":5}},"loc":{"start":{"line":14,"column":24},"end":{"line":16,"column":5}},"line":14},"4":{"name":"(anonymous_4)","decl":{"start":{"line":18,"column":4},"end":{"line":18,"column":5}},"loc":{"start":{"line":18,"column":20},"end":{"line":20,"column":5}},"line":18}},"branchMap":{"0":{"loc":{"start":{"line":11,"column":15},"end":{"line":11,"column":38}},"type":"binary-expr","locations":[{"start":{"line":11,"column":15},"end":{"line":11,"column":30}},{"start":{"line":11,"column":34},"end":{"line":11,"column":38}}],"line":11}},"s":{"0":0,"1":0,"2":0,"3":0,"4":0},"f":{"0":0,"1":0,"2":0,"3":0,"4":0},"b":{"0":[0,0]}}
,"D:\\MovieAnalyst S6\\MovieAnalyst - Rework\\frontend\\src\\logic\\ReviewCalculator.ts": {"path":"D:\\MovieAnalyst S6\\MovieAnalyst - Rework\\frontend\\src\\logic\\ReviewCalculator.ts","statementMap":{"0":{"start":{"line":5,"column":16},"end":{"line":5,"column":17}},"1":{"start":{"line":6,"column":8},"end":{"line":8,"column":9}},"2":{"start":{"line":7,"column":12},"end":{"line":7,"column":35}},"3":{"start":{"line":10,"column":8},"end":{"line":10,"column":34}}},"fnMap":{"0":{"name":"(anonymous_0)","decl":{"start":{"line":4,"column":4},"end":{"line":4,"column":5}},"loc":{"start":{"line":4,"column":39},"end":{"line":11,"column":5}},"line":4}},"branchMap":{},"s":{"0":1,"1":1,"2":2,"3":1},"f":{"0":1},"b":{},"_coverageSchema":"1a1c01bbd47fc00a2c39e90264f33305004495a9","hash":"8a5155bc3bdc5ed8b4812e39d918bba859c664d8"}
,"D:\\MovieAnalyst S6\\MovieAnalyst - Rework\\frontend\\src\\model\\Movie.ts": {"path":"D:\\MovieAnalyst S6\\MovieAnalyst - Rework\\frontend\\src\\model\\Movie.ts","statementMap":{},"fnMap":{},"branchMap":{},"s":{},"f":{},"b":{}}
,"D:\\MovieAnalyst S6\\MovieAnalyst - Rework\\frontend\\src\\model\\Review.ts": {"path":"D:\\MovieAnalyst S6\\MovieAnalyst - Rework\\frontend\\src\\model\\Review.ts","statementMap":{},"fnMap":{},"branchMap":{},"s":{},"f":{},"b":{}}
}
