<?xml version="1.0" encoding="UTF-8"?>
<coverage generated="1592844932013" clover="3.2.0">
  <project timestamp="1592844932013" name="All files">
    <metrics statements="4" coveredstatements="0" conditionals="0" coveredconditionals="0" methods="1" coveredmethods="0" elements="5" coveredelements="0" complexity="0" loc="4" ncloc="4" packages="2" files="2" classes="2"/>
    <package name="logic">
      <metrics statements="4" coveredstatements="0" conditionals="0" coveredconditionals="0" methods="1" coveredmethods="0"/>
      <file name="ReviewCalculator.ts" path="D:\MovieAnalyst S6\MovieAnalyst - Rework\frontend\src\logic\ReviewCalculator.ts">
        <metrics statements="4" coveredstatements="0" conditionals="0" coveredconditionals="0" methods="1" coveredmethods="0"/>
        <line num="5" count="0" type="stmt"/>
        <line num="6" count="0" type="stmt"/>
        <line num="7" count="0" type="stmt"/>
        <line num="10" count="0" type="stmt"/>
      </file>
    </package>
    <package name="model">
      <metrics statements="0" coveredstatements="0" conditionals="0" coveredconditionals="0" methods="0" coveredmethods="0"/>
      <file name="Review.ts" path="D:\MovieAnalyst S6\MovieAnalyst - Rework\frontend\src\model\Review.ts">
        <metrics statements="0" coveredstatements="0" conditionals="0" coveredconditionals="0" methods="0" coveredmethods="0"/>
      </file>
    </package>
  </project>
</coverage>
