{"D:\\MovieAnalyst S6\\MovieAnalyst - Rework\\frontend\\src\\logic\\ReviewCalculator.ts": {"path":"D:\\MovieAnalyst S6\\MovieAnalyst - Rework\\frontend\\src\\logic\\ReviewCalculator.ts","statementMap":{"0":{"start":{"line":5,"column":16},"end":{"line":5,"column":17}},"1":{"start":{"line":6,"column":8},"end":{"line":8,"column":9}},"2":{"start":{"line":7,"column":12},"end":{"line":7,"column":35}},"3":{"start":{"line":10,"column":8},"end":{"line":10,"column":34}}},"fnMap":{"0":{"name":"(anonymous_0)","decl":{"start":{"line":4,"column":4},"end":{"line":4,"column":5}},"loc":{"start":{"line":4,"column":39},"end":{"line":11,"column":5}},"line":4}},"branchMap":{},"s":{"0":0,"1":0,"2":0,"3":0},"f":{"0":0},"b":{}}
,"D:\\MovieAnalyst S6\\MovieAnalyst - Rework\\frontend\\src\\model\\Review.ts": {"path":"D:\\MovieAnalyst S6\\MovieAnalyst - Rework\\frontend\\src\\model\\Review.ts","statementMap":{},"fnMap":{},"branchMap":{},"s":{},"f":{},"b":{}}
}
